[2026-02-19T07:27:29.110+0000] {local_task_job_runner.py:120} INFO - ::group::Pre task execution logs
[2026-02-19T07:27:29.118+0000] {taskinstance.py:2076} INFO - Dependencies all met for dep_context=non-requeueable deps ti=<TaskInstance: spacenews_end_to_end.extract_articles_blogs_reports manual__2026-02-19T07:27:27.963541+00:00 [queued]>
[2026-02-19T07:27:29.120+0000] {taskinstance.py:2076} INFO - Dependencies all met for dep_context=requeueable deps ti=<TaskInstance: spacenews_end_to_end.extract_articles_blogs_reports manual__2026-02-19T07:27:27.963541+00:00 [queued]>
[2026-02-19T07:27:29.120+0000] {taskinstance.py:2306} INFO - Starting attempt 1 of 3
[2026-02-19T07:27:29.124+0000] {taskinstance.py:2330} INFO - Executing <Task(BashOperator): extract_articles_blogs_reports> on 2026-02-19 07:27:27.963541+00:00
[2026-02-19T07:27:29.125+0000] {standard_task_runner.py:64} INFO - Started process 132 to run task
[2026-02-19T07:27:29.126+0000] {standard_task_runner.py:90} INFO - Running: ['airflow', 'tasks', 'run', 'spacenews_end_to_end', 'extract_articles_blogs_reports', 'manual__2026-02-19T07:27:27.963541+00:00', '--job-id', '3', '--raw', '--subdir', 'DAGS_FOLDER/spacenews_dag.py', '--cfg-path', '/tmp/tmpa8ls64u7']
[2026-02-19T07:27:29.126+0000] {standard_task_runner.py:91} INFO - Job 3: Subtask extract_articles_blogs_reports
[2026-02-19T07:27:29.141+0000] {task_command.py:426} INFO - Running <TaskInstance: spacenews_end_to_end.extract_articles_blogs_reports manual__2026-02-19T07:27:27.963541+00:00 [running]> on host fec59818307d
[2026-02-19T07:27:29.160+0000] {taskinstance.py:2648} INFO - Exporting env vars: AIRFLOW_CTX_DAG_OWNER='data-eng' AIRFLOW_CTX_DAG_ID='spacenews_end_to_end' AIRFLOW_CTX_TASK_ID='extract_articles_blogs_reports' AIRFLOW_CTX_EXECUTION_DATE='2026-02-19T07:27:27.963541+00:00' AIRFLOW_CTX_TRY_NUMBER='1' AIRFLOW_CTX_DAG_RUN_ID='manual__2026-02-19T07:27:27.963541+00:00'
[2026-02-19T07:27:29.160+0000] {taskinstance.py:430} INFO - ::endgroup::
[2026-02-19T07:27:29.172+0000] {subprocess.py:63} INFO - Tmp dir root location: /tmp
[2026-02-19T07:27:29.172+0000] {subprocess.py:75} INFO - Running command: ['/usr/bin/bash', '-c', 'cd /opt/app && PYTHONPATH=/opt/app/src RUN_DATE=2026-02-19 python3 -m spacenews.extract.run_extract']
[2026-02-19T07:27:29.175+0000] {subprocess.py:86} INFO - Output:
[2026-02-19T07:27:32.446+0000] {subprocess.py:93} INFO - {"ts": "2026-02-19T07:27:32.446408Z", "level": "INFO", "msg": "page_fetched", "endpoint": "articles", "page": 1, "count": 100, "has_next": true}
[2026-02-19T07:27:33.375+0000] {subprocess.py:93} INFO - {"ts": "2026-02-19T07:27:33.375266Z", "level": "INFO", "msg": "progress", "endpoint": "articles", "fetched": 200, "new": 0, "updated": 4, "skipped": 196}
[2026-02-19T07:27:33.375+0000] {subprocess.py:93} INFO - {"ts": "2026-02-19T07:27:33.375304Z", "level": "INFO", "msg": "page_fetched", "endpoint": "articles", "page": 2, "count": 100, "has_next": true}
[2026-02-19T07:27:35.314+0000] {subprocess.py:93} INFO - {"ts": "2026-02-19T07:27:35.314304Z", "level": "INFO", "msg": "dev_limit_reached", "endpoint": "articles", "max_items": 300}
[2026-02-19T07:27:35.370+0000] {subprocess.py:93} INFO - {"ts": "2026-02-19T07:27:35.370598Z", "level": "INFO", "msg": "endpoint_done", "run_id": "17e1e353-6f20-4266-8090-b4e59e91ac08", "endpoint": "articles", "fetched": 300, "new": 0, "updated": 4, "skipped": 296, "bronze_written": 4}
[2026-02-19T07:27:36.453+0000] {subprocess.py:93} INFO - {"ts": "2026-02-19T07:27:36.453089Z", "level": "INFO", "msg": "page_fetched", "endpoint": "blogs", "page": 1, "count": 100, "has_next": true}
[2026-02-19T07:27:37.713+0000] {subprocess.py:93} INFO - {"ts": "2026-02-19T07:27:37.713878Z", "level": "INFO", "msg": "progress", "endpoint": "blogs", "fetched": 200, "new": 0, "updated": 0, "skipped": 200}
[2026-02-19T07:27:37.714+0000] {subprocess.py:93} INFO - {"ts": "2026-02-19T07:27:37.713916Z", "level": "INFO", "msg": "page_fetched", "endpoint": "blogs", "page": 2, "count": 100, "has_next": true}
[2026-02-19T07:27:38.426+0000] {subprocess.py:93} INFO - {"ts": "2026-02-19T07:27:38.426163Z", "level": "INFO", "msg": "dev_limit_reached", "endpoint": "blogs", "max_items": 300}
[2026-02-19T07:27:38.426+0000] {subprocess.py:93} INFO - {"ts": "2026-02-19T07:27:38.426416Z", "level": "INFO", "msg": "endpoint_done", "run_id": "17e1e353-6f20-4266-8090-b4e59e91ac08", "endpoint": "blogs", "fetched": 300, "new": 0, "updated": 0, "skipped": 300, "bronze_written": 0}
[2026-02-19T07:27:39.625+0000] {subprocess.py:93} INFO - {"ts": "2026-02-19T07:27:39.625871Z", "level": "INFO", "msg": "page_fetched", "endpoint": "reports", "page": 1, "count": 100, "has_next": true}
[2026-02-19T07:27:40.247+0000] {subprocess.py:93} INFO - {"ts": "2026-02-19T07:27:40.246659Z", "level": "INFO", "msg": "progress", "endpoint": "reports", "fetched": 200, "new": 0, "updated": 200, "skipped": 0}
[2026-02-19T07:27:40.247+0000] {subprocess.py:93} INFO - {"ts": "2026-02-19T07:27:40.246692Z", "level": "INFO", "msg": "page_fetched", "endpoint": "reports", "page": 2, "count": 100, "has_next": true}
[2026-02-19T07:27:41.475+0000] {subprocess.py:93} INFO - {"ts": "2026-02-19T07:27:41.475782Z", "level": "INFO", "msg": "dev_limit_reached", "endpoint": "reports", "max_items": 300}
[2026-02-19T07:27:41.483+0000] {subprocess.py:93} INFO - {"ts": "2026-02-19T07:27:41.483483Z", "level": "INFO", "msg": "endpoint_done", "run_id": "17e1e353-6f20-4266-8090-b4e59e91ac08", "endpoint": "reports", "fetched": 300, "new": 0, "updated": 300, "skipped": 0, "bronze_written": 300}
[2026-02-19T07:27:41.484+0000] {subprocess.py:93} INFO - {"ts": "2026-02-19T07:27:41.483501Z", "level": "INFO", "msg": "extract_done", "run_id": "17e1e353-6f20-4266-8090-b4e59e91ac08", "run_date": "2026-02-19"}
[2026-02-19T07:27:41.515+0000] {subprocess.py:97} INFO - Command exited with return code 0
[2026-02-19T07:27:41.515+0000] {taskinstance.py:441} INFO - ::group::Post task execution logs
[2026-02-19T07:27:41.522+0000] {taskinstance.py:1206} INFO - Marking task as SUCCESS. dag_id=spacenews_end_to_end, task_id=extract_articles_blogs_reports, run_id=manual__2026-02-19T07:27:27.963541+00:00, execution_date=20260219T072727, start_date=20260219T072729, end_date=20260219T072741
[2026-02-19T07:27:41.533+0000] {local_task_job_runner.py:243} INFO - Task exited with return code 0
[2026-02-19T07:27:41.540+0000] {taskinstance.py:3503} INFO - 1 downstream tasks scheduled from follow-on schedule check
[2026-02-19T07:27:41.541+0000] {local_task_job_runner.py:222} INFO - ::endgroup::
