[2026-02-19T07:39:04.035+0000] {local_task_job_runner.py:120} INFO - ::group::Pre task execution logs
[2026-02-19T07:39:04.042+0000] {taskinstance.py:2076} INFO - Dependencies all met for dep_context=non-requeueable deps ti=<TaskInstance: spacenews_end_to_end.spark_silver manual__2026-02-19T07:27:27.963541+00:00 [queued]>
[2026-02-19T07:39:04.044+0000] {taskinstance.py:2076} INFO - Dependencies all met for dep_context=requeueable deps ti=<TaskInstance: spacenews_end_to_end.spark_silver manual__2026-02-19T07:27:27.963541+00:00 [queued]>
[2026-02-19T07:39:04.044+0000] {taskinstance.py:2306} INFO - Starting attempt 4 of 6
[2026-02-19T07:39:04.048+0000] {taskinstance.py:2330} INFO - Executing <Task(BashOperator): spark_silver> on 2026-02-19 07:27:27.963541+00:00
[2026-02-19T07:39:04.049+0000] {standard_task_runner.py:64} INFO - Started process 205 to run task
[2026-02-19T07:39:04.050+0000] {standard_task_runner.py:90} INFO - Running: ['airflow', 'tasks', 'run', 'spacenews_end_to_end', 'spark_silver', 'manual__2026-02-19T07:27:27.963541+00:00', '--job-id', '8', '--raw', '--subdir', 'DAGS_FOLDER/spacenews_dag.py', '--cfg-path', '/tmp/tmpsb9_s_tp']
[2026-02-19T07:39:04.051+0000] {standard_task_runner.py:91} INFO - Job 8: Subtask spark_silver
[2026-02-19T07:39:04.062+0000] {task_command.py:426} INFO - Running <TaskInstance: spacenews_end_to_end.spark_silver manual__2026-02-19T07:27:27.963541+00:00 [running]> on host fec59818307d
[2026-02-19T07:39:04.079+0000] {taskinstance.py:2648} INFO - Exporting env vars: AIRFLOW_CTX_DAG_OWNER='data-eng' AIRFLOW_CTX_DAG_ID='spacenews_end_to_end' AIRFLOW_CTX_TASK_ID='spark_silver' AIRFLOW_CTX_EXECUTION_DATE='2026-02-19T07:27:27.963541+00:00' AIRFLOW_CTX_TRY_NUMBER='4' AIRFLOW_CTX_DAG_RUN_ID='manual__2026-02-19T07:27:27.963541+00:00'
[2026-02-19T07:39:04.079+0000] {taskinstance.py:430} INFO - ::endgroup::
[2026-02-19T07:39:04.083+0000] {subprocess.py:63} INFO - Tmp dir root location: /tmp
[2026-02-19T07:39:04.084+0000] {subprocess.py:75} INFO - Running command: ['/usr/bin/bash', '-c', 'docker exec -i spacenews_spark bash -lc "cd /opt/app && PYTHONPATH=/opt/app/src RUN_DATE=2026-02-19 python3 -m spacenews.spark.01_silver_clean"']
[2026-02-19T07:39:04.086+0000] {subprocess.py:86} INFO - Output:
[2026-02-19T07:39:04.786+0000] {subprocess.py:93} INFO - Setting default log level to "WARN".
[2026-02-19T07:39:04.787+0000] {subprocess.py:93} INFO - To adjust logging level use sc.setLogLevel(newLevel). For SparkR, use setLogLevel(newLevel).
[2026-02-19T07:39:04.856+0000] {subprocess.py:93} INFO - 26/02/19 07:39:04 WARN NativeCodeLoader: Unable to load native-hadoop library for your platform... using builtin-java classes where applicable
[2026-02-19T07:39:07.192+0000] {subprocess.py:93} INFO - Traceback (most recent call last):
[2026-02-19T07:39:07.192+0000] {subprocess.py:93} INFO -   File "/usr/lib/python3.8/runpy.py", line 194, in _run_module_as_main
[2026-02-19T07:39:07.192+0000] {subprocess.py:93} INFO -     return _run_code(code, main_globals, None,
[2026-02-19T07:39:07.192+0000] {subprocess.py:93} INFO -   File "/usr/lib/python3.8/runpy.py", line 87, in _run_code
[2026-02-19T07:39:07.192+0000] {subprocess.py:93} INFO -     exec(code, run_globals)
[2026-02-19T07:39:07.193+0000] {subprocess.py:93} INFO -   File "/opt/app/src/spacenews/spark/01_silver_clean.py", line 97, in <module>
[2026-02-19T07:39:07.193+0000] {subprocess.py:93} INFO -     main()
[2026-02-19T07:39:07.193+0000] {subprocess.py:93} INFO -   File "/opt/app/src/spacenews/spark/01_silver_clean.py", line 93, in main
[2026-02-19T07:39:07.193+0000] {subprocess.py:93} INFO -     process_endpoint(spark, ep, run_date)
[2026-02-19T07:39:07.193+0000] {subprocess.py:93} INFO -   File "/opt/app/src/spacenews/spark/01_silver_clean.py", line 83, in process_endpoint
[2026-02-19T07:39:07.193+0000] {subprocess.py:93} INFO -     upload_silver(endpoint, run_date, local_silver)
[2026-02-19T07:39:07.193+0000] {subprocess.py:93} INFO - NameError: name 'upload_silver' is not defined
[2026-02-19T07:39:07.648+0000] {subprocess.py:97} INFO - Command exited with return code 1
[2026-02-19T07:39:07.648+0000] {taskinstance.py:441} INFO - ::group::Post task execution logs
[2026-02-19T07:39:07.651+0000] {taskinstance.py:2905} ERROR - Task failed with exception
Traceback (most recent call last):
  File "/home/airflow/.local/lib/python3.12/site-packages/airflow/models/taskinstance.py", line 465, in _execute_task
    result = _execute_callable(context=context, **execute_callable_kwargs)
             ^^^^^^^^^^^^^^^^^^^^^^^^^^^^^^^^^^^^^^^^^^^^^^^^^^^^^^^^^^^^^
  File "/home/airflow/.local/lib/python3.12/site-packages/airflow/models/taskinstance.py", line 432, in _execute_callable
    return execute_callable(context=context, **execute_callable_kwargs)
           ^^^^^^^^^^^^^^^^^^^^^^^^^^^^^^^^^^^^^^^^^^^^^^^^^^^^^^^^^^^^
  File "/home/airflow/.local/lib/python3.12/site-packages/airflow/models/baseoperator.py", line 401, in wrapper
    return func(self, *args, **kwargs)
           ^^^^^^^^^^^^^^^^^^^^^^^^^^^
  File "/home/airflow/.local/lib/python3.12/site-packages/airflow/operators/bash.py", line 243, in execute
    raise AirflowException(
airflow.exceptions.AirflowException: Bash command failed. The command returned a non-zero exit code 1.
[2026-02-19T07:39:07.653+0000] {taskinstance.py:1206} INFO - Marking task as UP_FOR_RETRY. dag_id=spacenews_end_to_end, task_id=spark_silver, run_id=manual__2026-02-19T07:27:27.963541+00:00, execution_date=20260219T072727, start_date=20260219T073904, end_date=20260219T073907
[2026-02-19T07:39:07.658+0000] {standard_task_runner.py:110} ERROR - Failed to execute job 8 for task spark_silver (Bash command failed. The command returned a non-zero exit code 1.; 205)
[2026-02-19T07:39:07.688+0000] {local_task_job_runner.py:243} INFO - Task exited with return code 1
[2026-02-19T07:39:07.695+0000] {taskinstance.py:3503} INFO - 0 downstream tasks scheduled from follow-on schedule check
[2026-02-19T07:39:07.696+0000] {local_task_job_runner.py:222} INFO - ::endgroup::
