[2026-02-19T08:11:56.420+0000] {local_task_job_runner.py:120} INFO - ::group::Pre task execution logs
[2026-02-19T08:11:56.427+0000] {taskinstance.py:2076} INFO - Dependencies all met for dep_context=non-requeueable deps ti=<TaskInstance: spacenews_end_to_end.spark_gold manual__2026-02-19T08:00:53.631505+00:00 [queued]>
[2026-02-19T08:11:56.429+0000] {taskinstance.py:2076} INFO - Dependencies all met for dep_context=requeueable deps ti=<TaskInstance: spacenews_end_to_end.spark_gold manual__2026-02-19T08:00:53.631505+00:00 [queued]>
[2026-02-19T08:11:56.429+0000] {taskinstance.py:2306} INFO - Starting attempt 3 of 3
[2026-02-19T08:11:56.433+0000] {taskinstance.py:2330} INFO - Executing <Task(BashOperator): spark_gold> on 2026-02-19 08:00:53.631505+00:00
[2026-02-19T08:11:56.434+0000] {standard_task_runner.py:64} INFO - Started process 192 to run task
[2026-02-19T08:11:56.435+0000] {standard_task_runner.py:90} INFO - Running: ['airflow', 'tasks', 'run', 'spacenews_end_to_end', 'spark_gold', 'manual__2026-02-19T08:00:53.631505+00:00', '--job-id', '8', '--raw', '--subdir', 'DAGS_FOLDER/spacenews_dag.py', '--cfg-path', '/tmp/tmpjwk1tr88']
[2026-02-19T08:11:56.436+0000] {standard_task_runner.py:91} INFO - Job 8: Subtask spark_gold
[2026-02-19T08:11:56.446+0000] {task_command.py:426} INFO - Running <TaskInstance: spacenews_end_to_end.spark_gold manual__2026-02-19T08:00:53.631505+00:00 [running]> on host 1d0774e161f9
[2026-02-19T08:11:56.462+0000] {taskinstance.py:2648} INFO - Exporting env vars: AIRFLOW_CTX_DAG_OWNER='data-eng' AIRFLOW_CTX_DAG_ID='spacenews_end_to_end' AIRFLOW_CTX_TASK_ID='spark_gold' AIRFLOW_CTX_EXECUTION_DATE='2026-02-19T08:00:53.631505+00:00' AIRFLOW_CTX_TRY_NUMBER='3' AIRFLOW_CTX_DAG_RUN_ID='manual__2026-02-19T08:00:53.631505+00:00'
[2026-02-19T08:11:56.463+0000] {taskinstance.py:430} INFO - ::endgroup::
[2026-02-19T08:11:56.467+0000] {subprocess.py:63} INFO - Tmp dir root location: /tmp
[2026-02-19T08:11:56.467+0000] {subprocess.py:75} INFO - Running command: ['/usr/bin/bash', '-c', 'docker exec -i spacenews_spark bash -lc "cd /opt/app && PYTHONPATH=/opt/app/src python3 -m spacenews.spark.02_gold_enrich"']
[2026-02-19T08:11:56.470+0000] {subprocess.py:86} INFO - Output:
[2026-02-19T08:11:57.158+0000] {subprocess.py:93} INFO - Setting default log level to "WARN".
[2026-02-19T08:11:57.158+0000] {subprocess.py:93} INFO - To adjust logging level use sc.setLogLevel(newLevel). For SparkR, use setLogLevel(newLevel).
[2026-02-19T08:11:57.228+0000] {subprocess.py:93} INFO - 26/02/19 08:11:57 WARN NativeCodeLoader: Unable to load native-hadoop library for your platform... using builtin-java classes where applicable
[2026-02-19T08:11:58.135+0000] {subprocess.py:93} INFO - Traceback (most recent call last):
[2026-02-19T08:11:58.135+0000] {subprocess.py:93} INFO -   File "/usr/lib/python3.8/runpy.py", line 194, in _run_module_as_main
[2026-02-19T08:11:58.135+0000] {subprocess.py:93} INFO -     return _run_code(code, main_globals, None,
[2026-02-19T08:11:58.135+0000] {subprocess.py:93} INFO -   File "/usr/lib/python3.8/runpy.py", line 87, in _run_code
[2026-02-19T08:11:58.135+0000] {subprocess.py:93} INFO -     exec(code, run_globals)
[2026-02-19T08:11:58.135+0000] {subprocess.py:93} INFO -   File "/opt/app/src/spacenews/spark/02_gold_enrich.py", line 251, in <module>
[2026-02-19T08:11:58.136+0000] {subprocess.py:93} INFO -     main()
[2026-02-19T08:11:58.136+0000] {subprocess.py:93} INFO -   File "/opt/app/src/spacenews/spark/02_gold_enrich.py", line 162, in main
[2026-02-19T08:11:58.136+0000] {subprocess.py:93} INFO -     d = spark.read.parquet(p)
[2026-02-19T08:11:58.136+0000] {subprocess.py:93} INFO -   File "/usr/local/lib/python3.8/dist-packages/pyspark/sql/readwriter.py", line 544, in parquet
[2026-02-19T08:11:58.136+0000] {subprocess.py:93} INFO -     return self._df(self._jreader.parquet(_to_seq(self._spark._sc, paths)))
[2026-02-19T08:11:58.136+0000] {subprocess.py:93} INFO -   File "/usr/local/lib/python3.8/dist-packages/py4j/java_gateway.py", line 1362, in __call__
[2026-02-19T08:11:58.136+0000] {subprocess.py:93} INFO -     return_value = get_return_value(
[2026-02-19T08:11:58.136+0000] {subprocess.py:93} INFO -   File "/usr/local/lib/python3.8/dist-packages/pyspark/errors/exceptions/captured.py", line 179, in deco
[2026-02-19T08:11:58.136+0000] {subprocess.py:93} INFO -     return f(*a, **kw)
[2026-02-19T08:11:58.136+0000] {subprocess.py:93} INFO -   File "/usr/local/lib/python3.8/dist-packages/py4j/protocol.py", line 327, in get_return_value
[2026-02-19T08:11:58.136+0000] {subprocess.py:93} INFO -     raise Py4JJavaError(
[2026-02-19T08:11:58.136+0000] {subprocess.py:93} INFO - py4j.protocol.Py4JJavaError: An error occurred while calling o27.parquet.
[2026-02-19T08:11:58.136+0000] {subprocess.py:93} INFO - : java.lang.AssertionError: assertion failed: Conflicting partition column names detected:
[2026-02-19T08:11:58.136+0000] {subprocess.py:93} INFO - 
[2026-02-19T08:11:58.136+0000] {subprocess.py:93} INFO - 	Partition column name list #0: ingestion_date
[2026-02-19T08:11:58.136+0000] {subprocess.py:93} INFO - 	Partition column name list #1: published_year, published_month
[2026-02-19T08:11:58.136+0000] {subprocess.py:93} INFO - 
[2026-02-19T08:11:58.136+0000] {subprocess.py:93} INFO - For partitioned table directories, data files should only live in leaf directories.
[2026-02-19T08:11:58.136+0000] {subprocess.py:93} INFO - And directories at the same level should have the same partition column name.
[2026-02-19T08:11:58.137+0000] {subprocess.py:93} INFO - Please check the following directories for unexpected files or inconsistent partition column names:
[2026-02-19T08:11:58.137+0000] {subprocess.py:93} INFO - 
[2026-02-19T08:11:58.137+0000] {subprocess.py:93} INFO - 	file:/tmp/spacenews_gold_ykoeufb4/silver/articles/ingestion_date=2026-02-19
[2026-02-19T08:11:58.137+0000] {subprocess.py:93} INFO - 	file:/tmp/spacenews_gold_ykoeufb4/silver/articles/published_year=2026/published_month=2
[2026-02-19T08:11:58.137+0000] {subprocess.py:93} INFO - 	at scala.Predef$.assert(Predef.scala:223)
[2026-02-19T08:11:58.137+0000] {subprocess.py:93} INFO - 	at org.apache.spark.sql.execution.datasources.PartitioningUtils$.resolvePartitions(PartitioningUtils.scala:388)
[2026-02-19T08:11:58.137+0000] {subprocess.py:93} INFO - 	at org.apache.spark.sql.execution.datasources.PartitioningUtils$.parsePartitions(PartitioningUtils.scala:181)
[2026-02-19T08:11:58.137+0000] {subprocess.py:93} INFO - 	at org.apache.spark.sql.execution.datasources.PartitioningUtils$.parsePartitions(PartitioningUtils.scala:110)
[2026-02-19T08:11:58.137+0000] {subprocess.py:93} INFO - 	at org.apache.spark.sql.execution.datasources.PartitioningAwareFileIndex.inferPartitioning(PartitioningAwareFileIndex.scala:201)
[2026-02-19T08:11:58.137+0000] {subprocess.py:93} INFO - 	at org.apache.spark.sql.execution.datasources.InMemoryFileIndex.partitionSpec(InMemoryFileIndex.scala:75)
[2026-02-19T08:11:58.137+0000] {subprocess.py:93} INFO - 	at org.apache.spark.sql.execution.datasources.PartitioningAwareFileIndex.partitionSchema(PartitioningAwareFileIndex.scala:51)
[2026-02-19T08:11:58.137+0000] {subprocess.py:93} INFO - 	at org.apache.spark.sql.execution.datasources.DataSource.getOrInferFileFormatSchema(DataSource.scala:167)
[2026-02-19T08:11:58.137+0000] {subprocess.py:93} INFO - 	at org.apache.spark.sql.execution.datasources.DataSource.resolveRelation(DataSource.scala:407)
[2026-02-19T08:11:58.137+0000] {subprocess.py:93} INFO - 	at org.apache.spark.sql.DataFrameReader.loadV1Source(DataFrameReader.scala:229)
[2026-02-19T08:11:58.137+0000] {subprocess.py:93} INFO - 	at org.apache.spark.sql.DataFrameReader.$anonfun$load$2(DataFrameReader.scala:211)
[2026-02-19T08:11:58.137+0000] {subprocess.py:93} INFO - 	at scala.Option.getOrElse(Option.scala:189)
[2026-02-19T08:11:58.137+0000] {subprocess.py:93} INFO - 	at org.apache.spark.sql.DataFrameReader.load(DataFrameReader.scala:211)
[2026-02-19T08:11:58.137+0000] {subprocess.py:93} INFO - 	at org.apache.spark.sql.DataFrameReader.parquet(DataFrameReader.scala:563)
[2026-02-19T08:11:58.137+0000] {subprocess.py:93} INFO - 	at java.base/jdk.internal.reflect.NativeMethodAccessorImpl.invoke0(Native Method)
[2026-02-19T08:11:58.137+0000] {subprocess.py:93} INFO - 	at java.base/jdk.internal.reflect.NativeMethodAccessorImpl.invoke(Unknown Source)
[2026-02-19T08:11:58.137+0000] {subprocess.py:93} INFO - 	at java.base/jdk.internal.reflect.DelegatingMethodAccessorImpl.invoke(Unknown Source)
[2026-02-19T08:11:58.137+0000] {subprocess.py:93} INFO - 	at java.base/java.lang.reflect.Method.invoke(Unknown Source)
[2026-02-19T08:11:58.138+0000] {subprocess.py:93} INFO - 	at py4j.reflection.MethodInvoker.invoke(MethodInvoker.java:244)
[2026-02-19T08:11:58.138+0000] {subprocess.py:93} INFO - 	at py4j.reflection.ReflectionEngine.invoke(ReflectionEngine.java:374)
[2026-02-19T08:11:58.138+0000] {subprocess.py:93} INFO - 	at py4j.Gateway.invoke(Gateway.java:282)
[2026-02-19T08:11:58.138+0000] {subprocess.py:93} INFO - 	at py4j.commands.AbstractCommand.invokeMethod(AbstractCommand.java:132)
[2026-02-19T08:11:58.138+0000] {subprocess.py:93} INFO - 	at py4j.commands.CallCommand.execute(CallCommand.java:79)
[2026-02-19T08:11:58.138+0000] {subprocess.py:93} INFO - 	at py4j.ClientServerConnection.waitForCommands(ClientServerConnection.java:182)
[2026-02-19T08:11:58.138+0000] {subprocess.py:93} INFO - 	at py4j.ClientServerConnection.run(ClientServerConnection.java:106)
[2026-02-19T08:11:58.138+0000] {subprocess.py:93} INFO - 	at java.base/java.lang.Thread.run(Unknown Source)
[2026-02-19T08:11:58.138+0000] {subprocess.py:93} INFO - 
[2026-02-19T08:11:58.578+0000] {subprocess.py:97} INFO - Command exited with return code 1
[2026-02-19T08:11:58.579+0000] {taskinstance.py:441} INFO - ::group::Post task execution logs
[2026-02-19T08:11:58.583+0000] {taskinstance.py:2905} ERROR - Task failed with exception
Traceback (most recent call last):
  File "/home/airflow/.local/lib/python3.12/site-packages/airflow/models/taskinstance.py", line 465, in _execute_task
    result = _execute_callable(context=context, **execute_callable_kwargs)
             ^^^^^^^^^^^^^^^^^^^^^^^^^^^^^^^^^^^^^^^^^^^^^^^^^^^^^^^^^^^^^
  File "/home/airflow/.local/lib/python3.12/site-packages/airflow/models/taskinstance.py", line 432, in _execute_callable
    return execute_callable(context=context, **execute_callable_kwargs)
           ^^^^^^^^^^^^^^^^^^^^^^^^^^^^^^^^^^^^^^^^^^^^^^^^^^^^^^^^^^^^
  File "/home/airflow/.local/lib/python3.12/site-packages/airflow/models/baseoperator.py", line 401, in wrapper
    return func(self, *args, **kwargs)
           ^^^^^^^^^^^^^^^^^^^^^^^^^^^
  File "/home/airflow/.local/lib/python3.12/site-packages/airflow/operators/bash.py", line 243, in execute
    raise AirflowException(
airflow.exceptions.AirflowException: Bash command failed. The command returned a non-zero exit code 1.
[2026-02-19T08:11:58.585+0000] {taskinstance.py:1206} INFO - Marking task as FAILED. dag_id=spacenews_end_to_end, task_id=spark_gold, run_id=manual__2026-02-19T08:00:53.631505+00:00, execution_date=20260219T080053, start_date=20260219T081156, end_date=20260219T081158
[2026-02-19T08:11:58.592+0000] {standard_task_runner.py:110} ERROR - Failed to execute job 8 for task spark_gold (Bash command failed. The command returned a non-zero exit code 1.; 192)
[2026-02-19T08:11:58.635+0000] {local_task_job_runner.py:243} INFO - Task exited with return code 1
[2026-02-19T08:11:58.643+0000] {taskinstance.py:3503} INFO - 0 downstream tasks scheduled from follow-on schedule check
[2026-02-19T08:11:58.647+0000] {local_task_job_runner.py:222} INFO - ::endgroup::
