[2026-02-19T08:01:12.679+0000] {local_task_job_runner.py:120} INFO - ::group::Pre task execution logs
[2026-02-19T08:01:12.686+0000] {taskinstance.py:2076} INFO - Dependencies all met for dep_context=non-requeueable deps ti=<TaskInstance: spacenews_end_to_end.spark_silver manual__2026-02-19T08:00:53.631505+00:00 [queued]>
[2026-02-19T08:01:12.687+0000] {taskinstance.py:2076} INFO - Dependencies all met for dep_context=requeueable deps ti=<TaskInstance: spacenews_end_to_end.spark_silver manual__2026-02-19T08:00:53.631505+00:00 [queued]>
[2026-02-19T08:01:12.687+0000] {taskinstance.py:2306} INFO - Starting attempt 1 of 3
[2026-02-19T08:01:12.691+0000] {taskinstance.py:2330} INFO - Executing <Task(BashOperator): spark_silver> on 2026-02-19 08:00:53.631505+00:00
[2026-02-19T08:01:12.693+0000] {standard_task_runner.py:64} INFO - Started process 130 to run task
[2026-02-19T08:01:12.694+0000] {standard_task_runner.py:90} INFO - Running: ['airflow', 'tasks', 'run', 'spacenews_end_to_end', 'spark_silver', 'manual__2026-02-19T08:00:53.631505+00:00', '--job-id', '5', '--raw', '--subdir', 'DAGS_FOLDER/spacenews_dag.py', '--cfg-path', '/tmp/tmp0n667jkx']
[2026-02-19T08:01:12.695+0000] {standard_task_runner.py:91} INFO - Job 5: Subtask spark_silver
[2026-02-19T08:01:12.706+0000] {task_command.py:426} INFO - Running <TaskInstance: spacenews_end_to_end.spark_silver manual__2026-02-19T08:00:53.631505+00:00 [running]> on host 1d0774e161f9
[2026-02-19T08:01:12.724+0000] {taskinstance.py:2648} INFO - Exporting env vars: AIRFLOW_CTX_DAG_OWNER='data-eng' AIRFLOW_CTX_DAG_ID='spacenews_end_to_end' AIRFLOW_CTX_TASK_ID='spark_silver' AIRFLOW_CTX_EXECUTION_DATE='2026-02-19T08:00:53.631505+00:00' AIRFLOW_CTX_TRY_NUMBER='1' AIRFLOW_CTX_DAG_RUN_ID='manual__2026-02-19T08:00:53.631505+00:00'
[2026-02-19T08:01:12.725+0000] {taskinstance.py:430} INFO - ::endgroup::
[2026-02-19T08:01:12.729+0000] {subprocess.py:63} INFO - Tmp dir root location: /tmp
[2026-02-19T08:01:12.729+0000] {subprocess.py:75} INFO - Running command: ['/usr/bin/bash', '-c', 'docker exec -i spacenews_spark bash -lc "cd /opt/app && PYTHONPATH=/opt/app/src RUN_DATE=2026-02-19 python3 -m spacenews.spark.01_silver_clean"']
[2026-02-19T08:01:12.732+0000] {subprocess.py:86} INFO - Output:
[2026-02-19T08:01:13.478+0000] {subprocess.py:93} INFO - Setting default log level to "WARN".
[2026-02-19T08:01:13.478+0000] {subprocess.py:93} INFO - To adjust logging level use sc.setLogLevel(newLevel). For SparkR, use setLogLevel(newLevel).
[2026-02-19T08:01:13.611+0000] {subprocess.py:93} INFO - 26/02/19 08:01:13 WARN NativeCodeLoader: Unable to load native-hadoop library for your platform... using builtin-java classes where applicable
[2026-02-19T08:01:46.693+0000] {subprocess.py:93} INFO - [WARN] Bronze not found, skipping endpoint=blogs date=2026-02-19
[2026-02-19T08:01:46.693+0000] {subprocess.py:93} INFO - [WARN] Skipping endpoint=blogs run_date=2026-02-19 (no bronze file)
[2026-02-19T08:01:47.118+0000] {subprocess.py:97} INFO - Command exited with return code 0
[2026-02-19T08:01:47.119+0000] {taskinstance.py:441} INFO - ::group::Post task execution logs
[2026-02-19T08:01:47.126+0000] {taskinstance.py:1206} INFO - Marking task as SUCCESS. dag_id=spacenews_end_to_end, task_id=spark_silver, run_id=manual__2026-02-19T08:00:53.631505+00:00, execution_date=20260219T080053, start_date=20260219T080112, end_date=20260219T080147
[2026-02-19T08:01:47.141+0000] {local_task_job_runner.py:243} INFO - Task exited with return code 0
[2026-02-19T08:01:47.148+0000] {taskinstance.py:3503} INFO - 1 downstream tasks scheduled from follow-on schedule check
[2026-02-19T08:01:47.149+0000] {local_task_job_runner.py:222} INFO - ::endgroup::
